0 info it worked if it ends with ok
1 verbose cli [ '/usr/local/Cellar/node/6.2.1/bin/node',
1 verbose cli   '/usr/local/bin/npm',
1 verbose cli   'start' ]
2 info using npm@3.9.3
3 info using node@v6.2.1
4 verbose run-script [ 'prestart', 'start', 'poststart' ]
5 info lifecycle mini-project-3b@1.0.0~prestart: mini-project-3b@1.0.0
6 silly lifecycle mini-project-3b@1.0.0~prestart: no script for prestart, continuing
7 info lifecycle mini-project-3b@1.0.0~start: mini-project-3b@1.0.0
8 verbose lifecycle mini-project-3b@1.0.0~start: unsafe-perm in lifecycle true
9 verbose lifecycle mini-project-3b@1.0.0~start: PATH: /usr/local/lib/node_modules/npm/bin/node-gyp-bin:/Users/isabellaong/General Assembly/Projects/mini-project-3b/node_modules/.bin:/usr/local/Cellar/node/6.2.1/bin:/Users/isabellaong/.rvm/gems/ruby-2.3.0/bin:/Users/isabellaong/.rvm/gems/ruby-2.3.0@global/bin:/Users/isabellaong/.rvm/rubies/ruby-2.3.0/bin:/usr/local/bin:/usr/bin:/bin:/usr/sbin:/sbin:/Users/isabellaong/.rvm/bin:/Applications/Postgres.app/Contents/Versions/latest/bin
10 verbose lifecycle mini-project-3b@1.0.0~start: CWD: /Users/isabellaong/General Assembly/Projects/mini-project-3b
11 silly lifecycle mini-project-3b@1.0.0~start: Args: [ '-c', 'source .env; node app.js' ]
12 silly lifecycle mini-project-3b@1.0.0~start: Returned: code: 1  signal: null
13 info lifecycle mini-project-3b@1.0.0~start: Failed to exec start script
14 verbose stack Error: mini-project-3b@1.0.0 start: `source .env; node app.js`
14 verbose stack Exit status 1
14 verbose stack     at EventEmitter.<anonymous> (/usr/local/lib/node_modules/npm/lib/utils/lifecycle.js:245:16)
14 verbose stack     at emitTwo (events.js:106:13)
14 verbose stack     at EventEmitter.emit (events.js:191:7)
14 verbose stack     at ChildProcess.<anonymous> (/usr/local/lib/node_modules/npm/lib/utils/spawn.js:24:14)
14 verbose stack     at emitTwo (events.js:106:13)
14 verbose stack     at ChildProcess.emit (events.js:191:7)
14 verbose stack     at maybeClose (internal/child_process.js:852:16)
14 verbose stack     at Process.ChildProcess._handle.onexit (internal/child_process.js:215:5)
15 verbose pkgid mini-project-3b@1.0.0
16 verbose cwd /Users/isabellaong/General Assembly/Projects/mini-project-3b
17 error Darwin 15.5.0
18 error argv "/usr/local/Cellar/node/6.2.1/bin/node" "/usr/local/bin/npm" "start"
19 error node v6.2.1
20 error npm  v3.9.3
21 error code ELIFECYCLE
22 error mini-project-3b@1.0.0 start: `source .env; node app.js`
22 error Exit status 1
23 error Failed at the mini-project-3b@1.0.0 start script 'source .env; node app.js'.
23 error Make sure you have the latest version of node.js and npm installed.
23 error If you do, this is most likely a problem with the mini-project-3b package,
23 error not with npm itself.
23 error Tell the author that this fails on your system:
23 error     source .env; node app.js
23 error You can get information on how to open an issue for this project with:
23 error     npm bugs mini-project-3b
23 error Or if that isn't available, you can get their info via:
23 error     npm owner ls mini-project-3b
23 error There is likely additional logging output above.
24 verbose exit [ 1, true ]
